[08Jan2026 03:12:20.967] [main/INFO] [cpw.mods.modlauncher.Launcher/MODLAUNCHER]: ModLauncher running: args [--username, _Raguto_, --version, 1.21.1, --gameDir, D:/instances/NeoForge 1.21.1/minecraft, --assetsDir, C:/Users/Raguto/AppData/Roaming/PrismLauncher/assets, --assetIndex, 17, --uuid, 6f1ef6fbdb0a4887a3088910eb37281c, --accessToken, ❄❄❄❄❄❄❄❄, --userType, msa, --versionType, release, --fml.neoForgeVersion, 21.1.214, --fml.fmlVersion, 4.0.42, --fml.mcVersion, 1.21.1, --fml.neoFormVersion, 20240808.144430, --launchTarget, forgeclient, --width, 854, --height, 480]
[08Jan2026 03:12:20.971] [main/INFO] [cpw.mods.modlauncher.Launcher/MODLAUNCHER]: JVM identified as Microsoft OpenJDK 64-Bit Server VM 21.0.7+6-LTS
[08Jan2026 03:12:20.974] [main/INFO] [cpw.mods.modlauncher.Launcher/MODLAUNCHER]: ModLauncher 11.0.5+main.901c6ea8 starting: java version 21.0.7 by Microsoft; OS Windows 11 arch amd64 version 10.0
[08Jan2026 03:12:21.096] [main/INFO] [net.neoforged.fml.loading.ImmediateWindowHandler/]: Loading ImmediateWindowProvider fmlearlywindow
[08Jan2026 03:12:21.159] [main/INFO] [EARLYDISPLAY/]: Trying GL version 4.6
[08Jan2026 03:12:21.366] [main/INFO] [EARLYDISPLAY/]: Requested GL version 4.6 got version 4.6
[08Jan2026 03:12:21.452] [main/INFO] [mixin/]: SpongePowered MIXIN Subsystem Version=0.8.7 Source=union:/C:/Users/Raguto/AppData/Roaming/PrismLauncher/libraries/net/fabricmc/sponge-mixin/0.15.2+mixin.0.8.7/sponge-mixin-0.15.2+mixin.0.8.7.jar%23175!/ Service=ModLauncher Env=CLIENT
[08Jan2026 03:12:21.641] [pool-2-thread-1/INFO] [EARLYDISPLAY/]: GL info: NVIDIA GeForce GTX 1660/PCIe/SSE2 GL version 4.6.0 NVIDIA 591.59, NVIDIA Corporation
[08Jan2026 03:12:21.728] [main/INFO] [net.neoforged.fml.loading.moddiscovery.ModDiscoverer/SCAN]: Found mod file "client-1.21.1-20240808.144430-srg.jar" [locator: production client provider +net.neoforged:neoforge:21.1.214:client]
[08Jan2026 03:12:21.745] [main/INFO] [net.neoforged.fml.loading.moddiscovery.ModDiscoverer/SCAN]: Found mod file "neoforge-21.1.214-universal.jar" [locator: PathBasedLocator[name=neoforge, paths=[C:\Users\Raguto\AppData\Roaming\PrismLauncher\libraries\net\neoforged\neoforge\21.1.214\neoforge-21.1.214-universal.jar]], reader: mod manifest]
[08Jan2026 03:12:21.755] [main/INFO] [net.neoforged.fml.loading.moddiscovery.ModDiscoverer/SCAN]: Found mod file "alexscaves-2.0.4.jar" [locator: {mods folder locator at D:\instances\NeoForge 1.21.1\minecraft\mods}, reader: mod manifest]
[08Jan2026 03:12:21.761] [main/INFO] [net.neoforged.fml.loading.moddiscovery.ModDiscoverer/SCAN]: Found mod file "citadel-1.21.1-2.7.0.jar" [locator: {mods folder locator at D:\instances\NeoForge 1.21.1\minecraft\mods}, reader: mod manifest]
[08Jan2026 03:12:21.766] [main/INFO] [net.neoforged.fml.loading.moddiscovery.ModDiscoverer/SCAN]: Found mod file "emi-1.1.22+1.21.1+neoforge.jar" [locator: {mods folder locator at D:\instances\NeoForge 1.21.1\minecraft\mods}, reader: mod manifest]
[08Jan2026 03:12:21.772] [main/INFO] [net.neoforged.fml.loading.moddiscovery.ModDiscoverer/SCAN]: Found mod file "iris-neoforge-1.8.12+mc1.21.1.jar" [locator: {mods folder locator at D:\instances\NeoForge 1.21.1\minecraft\mods}, reader: mod manifest]
[08Jan2026 03:12:21.776] [main/INFO] [net.neoforged.fml.loading.moddiscovery.ModDiscoverer/SCAN]: Found mod file "midnightcontrols-neoforge-1.10.0.1.jar" [locator: {mods folder locator at D:\instances\NeoForge 1.21.1\minecraft\mods}, reader: mod manifest]
[08Jan2026 03:12:21.781] [main/INFO] [net.neoforged.fml.loading.moddiscovery.ModDiscoverer/SCAN]: Found mod file "Mod Menu (NeoForge Edition) 1.21.1-1.0.2.jar" [locator: {mods folder locator at D:\instances\NeoForge 1.21.1\minecraft\mods}, reader: mod manifest]
[08Jan2026 03:12:21.786] [main/INFO] [net.neoforged.fml.loading.moddiscovery.ModDiscoverer/SCAN]: Found mod file "sodium-neoforge-0.6.13+mc1.21.1.jar" [locator: {mods folder locator at D:\instances\NeoForge 1.21.1\minecraft\mods}, reader: mod manifest]
[08Jan2026 03:12:21.792] [main/INFO] [net.neoforged.fml.loading.moddiscovery.ModDiscoverer/SCAN]: Found mod file "Xaeros_Minimap_25.3.2_NeoForge_1.21.jar" [locator: {mods folder locator at D:\instances\NeoForge 1.21.1\minecraft\mods}, reader: mod manifest]
[08Jan2026 03:12:21.797] [main/INFO] [net.neoforged.fml.loading.moddiscovery.ModDiscoverer/SCAN]: Found mod file "XaerosWorldMap_1.40.2_NeoForge_1.21.jar" [locator: {mods folder locator at D:\instances\NeoForge 1.21.1\minecraft\mods}, reader: mod manifest]
[08Jan2026 03:12:21.973] [main/INFO] [net.neoforged.fml.loading.moddiscovery.locators.JarInJarDependencyLocator/]: Found 13 dependencies adding them to mods collection
[08Jan2026 03:12:21.974] [main/INFO] [net.neoforged.fml.loading.moddiscovery.ModDiscoverer/SCAN]: Found gamelibrary file "mixinextras-neoforge-0.5.0.jar" [parent: neoforge-21.1.214-universal.jar, locator: jarinjar, reader: mod manifest]
[08Jan2026 03:12:21.974] [main/INFO] [net.neoforged.fml.loading.moddiscovery.ModDiscoverer/SCAN]: Found mod file "fabric-rendering-data-attachment-v1-0.3.48+73761d2e19.jar" [parent: sodium-neoforge-0.6.13+mc1.21.1.jar, locator: jarinjar, reader: mod manifest]
[08Jan2026 03:12:21.974] [main/INFO] [net.neoforged.fml.loading.moddiscovery.ModDiscoverer/SCAN]: Found mod file "TextPlaceholderAPI-neoforge-e1a427d5b9.jar" [parent: Mod Menu (NeoForge Edition) 1.21.1-1.0.2.jar, locator: jarinjar, reader: mod manifest]
[08Jan2026 03:12:21.974] [main/INFO] [net.neoforged.fml.loading.moddiscovery.ModDiscoverer/SCAN]: Found mod file "xaerolib-neoforge-1.21-1.0.42.jar" [parent: XaerosWorldMap_1.40.2_NeoForge_1.21.jar, locator: jarinjar, reader: mod manifest]
[08Jan2026 03:12:21.974] [main/INFO] [net.neoforged.fml.loading.moddiscovery.ModDiscoverer/SCAN]: Found library file "jcpp-1.4.14.jar" [parent: iris-neoforge-1.8.12+mc1.21.1.jar, locator: jarinjar]
[08Jan2026 03:12:21.974] [main/INFO] [net.neoforged.fml.loading.moddiscovery.ModDiscoverer/SCAN]: Found mod file "fabric-renderer-api-v1-3.4.0+acb05a3919.jar" [parent: iris-neoforge-1.8.12+mc1.21.1.jar, locator: jarinjar, reader: mod manifest]
[08Jan2026 03:12:21.974] [main/INFO] [net.neoforged.fml.loading.moddiscovery.ModDiscoverer/SCAN]: Found mod file "fabric-api-base-0.4.42+d1308ded19.jar" [parent: sodium-neoforge-0.6.13+mc1.21.1.jar, locator: jarinjar, reader: mod manifest]
[08Jan2026 03:12:21.975] [main/INFO] [net.neoforged.fml.loading.moddiscovery.ModDiscoverer/SCAN]: Found mod file "obsidianui-0.2.7+mc1.21-neoforge.jar" [parent: midnightcontrols-neoforge-1.10.0.1.jar, locator: jarinjar, reader: mod manifest]
[08Jan2026 03:12:21.975] [main/INFO] [net.neoforged.fml.loading.moddiscovery.ModDiscoverer/SCAN]: Found library file "net.caffeinemc.sodium-neoforge-0.6.13+mc1.21.1-service.jar" [parent: sodium-neoforge-0.6.13+mc1.21.1.jar, locator: jarinjar, reader: mod manifest]
[08Jan2026 03:12:21.975] [main/INFO] [net.neoforged.fml.loading.moddiscovery.ModDiscoverer/SCAN]: Found mod file "midnightlib-1.6.3-neoforge.jar" [parent: midnightcontrols-neoforge-1.10.0.1.jar, locator: jarinjar, reader: mod manifest]
[08Jan2026 03:12:21.975] [main/INFO] [net.neoforged.fml.loading.moddiscovery.ModDiscoverer/SCAN]: Found library file "net.neoforged.neoforge-coremods-21.1.214.jar" [parent: neoforge-21.1.214-universal.jar, locator: jarinjar, reader: mod manifest]
[08Jan2026 03:12:21.975] [main/INFO] [net.neoforged.fml.loading.moddiscovery.ModDiscoverer/SCAN]: Found library file "glsl-transformer-2.0.1.jar" [parent: iris-neoforge-1.8.12+mc1.21.1.jar, locator: jarinjar]
[08Jan2026 03:12:21.975] [main/INFO] [net.neoforged.fml.loading.moddiscovery.ModDiscoverer/SCAN]: Found mod file "fabric-block-view-api-v2-1.0.10+9afaaf8c19.jar" [parent: sodium-neoforge-0.6.13+mc1.21.1.jar, locator: jarinjar, reader: mod manifest]
[08Jan2026 03:12:21.976] [main/INFO] [net.neoforged.fml.loading.moddiscovery.ModDiscoverer/]: 
     Mod List:
		Name Version (Mod Id)

		Alex's Caves 2.0.4 (alexscaves)
		Citadel 2.7.0 (citadel)
		EMI 1.1.22+1.21.1+neoforge (emi)
		Forgified Fabric API Base 0.4.42+d1308ded19 (fabric_api_base)
		Forgified Fabric BlockView API (v2) 1.0.10+9afaaf8c19 (fabric_block_view_api_v2)
		Forgified Fabric Renderer API (v1) 3.4.0+acb05a3919 (fabric_renderer_api_v1)
		Forgified Fabric Rendering Data Attachment (v1) 0.3.48+73761d2e19 (fabric_rendering_data_attachment_v1)
		Iris 1.8.12-snapshot+mc1.21.1-local (iris)
		MidnightControls 1.10.0.1 (midnightcontrols)
		MidnightLib 1.6.3 (midnightlib)
		Minecraft 1.21.1 (minecraft)
		Mod Menu (NeoForge Edition) 1.0.2 (mod_menu)
		NeoForge 21.1.214 (neoforge)
		ObsidianUI 0.2.7+mc1.21 (obsidianui)
		Placeholder API Neoforge 2.4.1+1.21 (placeholder_api)
		Sodium 0.6.13+mc1.21.1 (sodium)
		Xaero's Minimap 25.3.2 (xaerominimap)
		Xaero's World Map 1.40.2 (xaeroworldmap)
		XaeroLib 1.0.42 (xaerolib)
[08Jan2026 03:12:22.189] [main/INFO] [net.neoforged.fml.loading.FMLServiceProvider/CORE]: Loading coremod script-engine for [xaerominimap, xaeroworldmap]
[08Jan2026 03:12:22.800] [main/INFO] [mixin/]: Compatibility level set to JAVA_17
[08Jan2026 03:12:22.808] [main/INFO] [mixin/]: Compatibility level set to JAVA_21
[08Jan2026 03:12:22.829] [main/INFO] [cpw.mods.modlauncher.LaunchServiceHandler/MODLAUNCHER]: Launching target 'forgeclient' with arguments [--version, 1.21.1, --gameDir, D:\instances\NeoForge 1.21.1\minecraft, --assetsDir, C:\Users\Raguto\AppData\Roaming\PrismLauncher\assets, --uuid, 6f1ef6fbdb0a4887a3088910eb37281c, --username, _Raguto_, --assetIndex, 17, --accessToken, ❄❄❄❄❄❄❄❄, --userType, msa, --versionType, release, --width, 854, --height, 480]
[08Jan2026 03:12:22.853] [main/WARN] [mixin/]: Reference map 'iris.refmap.json' for mixins.iris.json could not be read. If this is a development environment you can ignore this message
[08Jan2026 03:12:22.853] [main/WARN] [mixin/]: Reference map 'iris.refmap.json' for mixins.iris.fantastic.json could not be read. If this is a development environment you can ignore this message
[08Jan2026 03:12:22.853] [main/WARN] [mixin/]: Reference map 'iris.refmap.json' for mixins.iris.vertexformat.json could not be read. If this is a development environment you can ignore this message
[08Jan2026 03:12:22.853] [main/WARN] [mixin/]: Reference map 'iris.refmap.json' for iris-batched-entity-rendering.mixins.json could not be read. If this is a development environment you can ignore this message
[08Jan2026 03:12:22.854] [main/WARN] [mixin/]: Reference map 'iris.refmap.json' for mixins.iris.compat.sodium.json could not be read. If this is a development environment you can ignore this message
[08Jan2026 03:12:22.866] [main/INFO] [Sodium/]: Loaded configuration file for Sodium: 43 options available, 1 override(s) found
[08Jan2026 03:12:22.868] [main/WARN] [mixin/]: Reference map 'xaerolib.refmap.json' for xaerolib.mixins.json could not be read. If this is a development environment you can ignore this message
[08Jan2026 03:12:22.869] [main/WARN] [mixin/]: Reference map 'xaerominimap.refmap.json' for xaerohud.mixins.json could not be read. If this is a development environment you can ignore this message
[08Jan2026 03:12:22.869] [main/WARN] [mixin/]: Reference map 'xaerominimap.refmap.json' for xaerominimap.mixins.json could not be read. If this is a development environment you can ignore this message
[08Jan2026 03:12:22.871] [main/WARN] [mixin/]: Reference map 'xaeroworldmap.refmap.json' for xaeroworldmap.mixins.json could not be read. If this is a development environment you can ignore this message
[08Jan2026 03:12:22.871] [main/WARN] [mixin/]: Reference map 'citadel.refmap.json' for citadel.mixins.json could not be read. If this is a development environment you can ignore this message
[08Jan2026 03:12:22.871] [main/WARN] [mixin/]: Reference map 'alexscaves.refmap.json' for alexscaves.mixins.json could not be read. If this is a development environment you can ignore this message
[08Jan2026 03:12:23.004] [main/WARN] [mixin/]: Error loading class: mezz/jei/library/load/PluginCaller (java.lang.ClassNotFoundException: mezz.jei.library.load.PluginCaller)
[08Jan2026 03:12:23.174] [main/WARN] [mixin/]: Error loading class: com/portingdeadmods/cable_facades/events/GameClientEvents$2 (java.lang.ClassNotFoundException: com.portingdeadmods.cable_facades.events.GameClientEvents$2)
[08Jan2026 03:12:23.175] [main/WARN] [mixin/]: Error loading class: com/direwolf20/justdirethings/client/renderers/OurRenderTypes (java.lang.ClassNotFoundException: com.direwolf20.justdirethings.client.renderers.OurRenderTypes)
[08Jan2026 03:12:23.176] [main/WARN] [mixin/]: Error loading class: mekanism/client/render/entity/RenderFlame (java.lang.ClassNotFoundException: mekanism.client.render.entity.RenderFlame)
[08Jan2026 03:12:23.176] [main/WARN] [mixin/]: Error loading class: mekanism/client/render/armor/MekaSuitArmor (java.lang.ClassNotFoundException: mekanism.client.render.armor.MekaSuitArmor)
[08Jan2026 03:12:23.177] [main/WARN] [mixin/]: Error loading class: mekanism/client/render/lib/effect/BillboardingEffectRenderer (java.lang.ClassNotFoundException: mekanism.client.render.lib.effect.BillboardingEffectRenderer)
[08Jan2026 03:12:23.180] [main/WARN] [mixin/]: Error loading class: blusunrize/immersiveengineering/client/utils/IEGLShaders (java.lang.ClassNotFoundException: blusunrize.immersiveengineering.client.utils.IEGLShaders)
[08Jan2026 03:12:23.197] [main/WARN] [Sodium/]: Force-disabling mixin 'features.render.world.sky.FogRendererMixin' as rule 'mixin.features.render.world.sky' (added by mods [iris]) disables it and children
[08Jan2026 03:12:23.197] [main/WARN] [Sodium/]: Force-disabling mixin 'features.render.world.sky.ClientLevelMixin' as rule 'mixin.features.render.world.sky' (added by mods [iris]) disables it and children
[08Jan2026 03:12:23.198] [main/WARN] [Sodium/]: Force-disabling mixin 'features.render.world.sky.LevelRendererMixin' as rule 'mixin.features.render.world.sky' (added by mods [iris]) disables it and children
[08Jan2026 03:12:23.400] [main/INFO] [MixinExtras|Service/]: Initializing MixinExtras via com.llamalad7.mixinextras.service.MixinExtrasServiceImpl(version=0.5.0).
[08Jan2026 03:12:24.578] [Datafixer Bootstrap/INFO] [com.mojang.datafixers.DataFixerBuilder/]: 229 Datafixer optimizations took 287 milliseconds
[08Jan2026 03:12:27.652] [pool-15-thread-1/WARN] [mixin/]: Mixin alexscaves.mixins.json:SwampHutPieceMixin from mod alexscaves has multiple constructors, <init>(Lnet/minecraft/world/level/levelgen/structure/pieces/StructurePieceType;IIIIIILnet/minecraft/core/Direction;)V was selected

[08Jan2026 03:12:28.159] [Render thread/WARN] [net.minecraft.server.packs.VanillaPackResourcesBuilder/]: Assets URL 'union:/C:/Users/Raguto/AppData/Roaming/PrismLauncher/libraries/net/minecraft/client/1.21.1-20240808.144430/client-1.21.1-20240808.144430-srg.jar%23197!/assets/.mcassetsroot' uses unexpected schema
[08Jan2026 03:12:28.160] [Render thread/WARN] [net.minecraft.server.packs.VanillaPackResourcesBuilder/]: Assets URL 'union:/C:/Users/Raguto/AppData/Roaming/PrismLauncher/libraries/net/minecraft/client/1.21.1-20240808.144430/client-1.21.1-20240808.144430-srg.jar%23197!/data/.mcassetsroot' uses unexpected schema
[08Jan2026 03:12:28.180] [Render thread/INFO] [com.mojang.authlib.yggdrasil.YggdrasilAuthenticationService/]: Environment: Environment[sessionHost=https://sessionserver.mojang.com, servicesHost=https://api.minecraftservices.com, name=PROD]
[08Jan2026 03:12:28.191] [Render thread/INFO] [net.minecraft.client.Minecraft/]: Setting user: _Raguto_
[08Jan2026 03:12:28.388] [Render thread/INFO] [net.minecraft.client.Minecraft/]: Backend library: LWJGL version 3.3.3+5
[08Jan2026 03:12:28.433] [Render thread/INFO] [com.mojang.blaze3d.platform.Window/]: OpenGL Vendor: NVIDIA Corporation
[08Jan2026 03:12:28.433] [Render thread/INFO] [com.mojang.blaze3d.platform.Window/]: OpenGL Renderer: NVIDIA GeForce GTX 1660/PCIe/SSE2
[08Jan2026 03:12:28.433] [Render thread/INFO] [com.mojang.blaze3d.platform.Window/]: OpenGL Version: 4.6.0 NVIDIA 591.59
[08Jan2026 03:12:28.436] [Render thread/INFO] [Sodium-NvidiaWorkarounds/]: Modifying OpenGL context to apply workarounds for the NVIDIA graphics driver...
[08Jan2026 03:12:28.590] [Render thread/INFO] [Iris/]: Debug functionality is disabled.
[08Jan2026 03:12:28.594] [Render thread/INFO] [Iris/]: OpenGL 4.5 detected, enabling DSA.
[08Jan2026 03:12:28.618] [Render thread/INFO] [Iris/]: Shaders are disabled because enableShaders is set to false in iris.properties
[08Jan2026 03:12:28.780] [ForkJoinPool.commonPool-worker-8/WARN] [Iris/]: [Iris Update Check] This version doesn't have an update index, skipping.
[08Jan2026 03:12:28.791] [modloading-worker-0/INFO] [net.neoforged.neoforge.common.NeoForgeMod/NEOFORGE-MOD]: NeoForge mod loading, version 21.1.214, for MC 1.21.1
[08Jan2026 03:12:28.870] [modloading-worker-0/INFO] [MidnightControls/]: [MidnightControls] Initializing MidnightControls...
[08Jan2026 03:12:28.881] [modloading-worker-0/INFO] [xaero.lib.XaeroLib/]: Registering common data for channel xaerolib:main!
[08Jan2026 03:12:28.905] [modloading-worker-0/INFO] [xaero.lib.XaeroLib/]: Registering client data for channel xaerolib:main!
[08Jan2026 03:12:29.029] [modloading-worker-0/INFO] [xaero.lib.XaeroLib/]: Loading primary common config for channel xaerolib:main!
[08Jan2026 03:12:29.035] [modloading-worker-0/INFO] [xaero.lib.XaeroLib/]: Loading server config profiles for channel xaerolib:main!
[08Jan2026 03:12:29.050] [modloading-worker-0/INFO] [xaero.lib.XaeroLib/]: Loading primary client config for channel xaerolib:main!
[08Jan2026 03:12:29.054] [modloading-worker-0/INFO] [xaero.lib.XaeroLib/]: Loading client config profiles for channel xaerolib:main!
[08Jan2026 03:12:29.065] [modloading-worker-0/INFO] [xaero.map.WorldMap/]: Registering common data for channel xaeroworldmap:main!
[08Jan2026 03:12:29.086] [modloading-worker-0/INFO] [xaero.map.WorldMap/]: Registering client data for channel xaeroworldmap:main!
[08Jan2026 03:12:29.098] [modloading-worker-0/INFO] [xaero.map.WorldMap/]: Loading primary common config for channel xaeroworldmap:main!
[08Jan2026 03:12:29.110] [modloading-worker-0/INFO] [xaero.map.WorldMap/]: Loading server config profiles for channel xaeroworldmap:main!
[08Jan2026 03:12:29.113] [modloading-worker-0/INFO] [xaero.map.WorldMap/]: Loading primary client config for channel xaeroworldmap:main!
[08Jan2026 03:12:29.116] [modloading-worker-0/INFO] [xaero.map.WorldMap/]: Loading client config profiles for channel xaeroworldmap:main!
[08Jan2026 03:12:29.120] [modloading-worker-0/INFO] [xaero.common.HudMod/]: Registering common data for channel xaerominimap:main!
[08Jan2026 03:12:29.133] [modloading-worker-0/INFO] [xaero.common.HudMod/]: Registering client data for channel xaerominimap:main!
[08Jan2026 03:12:29.147] [modloading-worker-0/INFO] [xaero.common.HudMod/]: Loading primary common config for channel xaerominimap:main!
[08Jan2026 03:12:29.151] [modloading-worker-0/INFO] [xaero.common.HudMod/]: Loading server config profiles for channel xaerominimap:main!
[08Jan2026 03:12:29.153] [modloading-worker-0/INFO] [xaero.common.HudMod/]: Loading primary client config for channel xaerominimap:main!
[08Jan2026 03:12:29.163] [modloading-worker-0/INFO] [xaero.common.HudMod/]: Loading client config profiles for channel xaerominimap:main!
[08Jan2026 03:12:30.475] [Render thread/INFO] [com.github.alexmodguy.alexscaves.AlexsCaves/]: loaded in block colorizer
[08Jan2026 03:12:30.479] [Render thread/INFO] [com.github.alexmodguy.alexscaves.AlexsCaves/]: loaded in item colorizer
[08Jan2026 03:12:30.757] [Render thread/INFO] [Iris/]: Hardware information:
[08Jan2026 03:12:30.757] [Render thread/INFO] [Iris/]: CPU: 12x AMD Ryzen 5 5600X 6-Core Processor 
[08Jan2026 03:12:30.758] [Render thread/INFO] [Iris/]: GPU: NVIDIA GeForce GTX 1660/PCIe/SSE2 (Supports OpenGL 4.6.0 NVIDIA 591.59)
[08Jan2026 03:12:30.758] [Render thread/INFO] [Iris/]: OS: Windows 11 (10.0)
[08Jan2026 03:12:31.013] [Render thread/INFO] [net.minecraft.server.packs.resources.ReloadableResourceManager/]: Reloading ResourceManager: vanilla, mod_resources, mod/sodium, mod/emi, mod/iris, mod/fabric_renderer_api_v1, mod/fabric_api_base, mod/midnightlib, mod/fabric_rendering_data_attachment_v1, mod/midnightcontrols, mod/placeholder_api, mod/xaerolib, mod/obsidianui, mod/xaerominimap, mod/mod_menu, mod/xaeroworldmap, mod/neoforge, mod/citadel, mod/alexscaves, mod/fabric_block_view_api_v2, file/Night Vision v1.zip
[08Jan2026 03:12:31.024] [Worker-Main-1/INFO] [xaero.lib.XaeroLib/]: Loading XaeroLib common 1/2!
[08Jan2026 03:12:31.106] [Worker-Main-8/INFO] [net.minecraft.client.gui.font.providers.UnihexProvider/]: Found unifont_all_no_pua-15.1.05.hex, loading
[08Jan2026 03:12:31.208] [Render thread/INFO] [MidnightControls/]: [MidnightControls] Configuration loaded.
[08Jan2026 03:12:31.219] [ForkJoinPool.commonPool-worker-8/INFO] [MidnightControls/]: [MidnightControls] Updating controller mappings...
[08Jan2026 03:12:31.290] [Worker-Main-1/INFO] [net.minecraft.client.gui.font.providers.UnihexProvider/]: Found unifont_jp_patch-15.1.05.hex, loading
[08Jan2026 03:12:31.669] [Render thread/INFO] [MidnightControls/]: [MidnightControls] Adding EMI compatibility...
[08Jan2026 03:12:31.670] [Render thread/INFO] [MidnightControls/]: [MidnightControls] Adding Sodium compatibility...
[08Jan2026 03:12:31.703] [Worker-Main-8/INFO] [xaero.map.WorldMap/]: Loading Xaero's World Map - Stage 1/2
[08Jan2026 03:12:31.703] [Worker-Main-2/INFO] [xaero.minimap.XaeroMinimap/]: Loading Xaero's Minimap - Stage 1/2
[08Jan2026 03:12:31.704] [Worker-Main-11/INFO] [xaero.lib.XaeroLib/]: Loading XaeroLib client 1/2!
[08Jan2026 03:12:32.822] [Render thread/INFO] [xaero.map.WorldMap/]: Loading Xaero's World Map - Stage 2/2
[08Jan2026 03:12:32.824] [Render thread/INFO] [xaero.map.WorldMap/]: New world map region cache hash code: -46059051
[08Jan2026 03:12:33.457] [Render thread/INFO] [xaero.map.WorldMap/]: Registered player tracker system: map_synced
[08Jan2026 03:12:33.459] [Render thread/INFO] [xaero.map.WorldMap/]: Xaero's WorldMap Mod: Xaero's minimap found!
[08Jan2026 03:12:33.463] [Render thread/INFO] [xaero.map.WorldMap/]: Registered player tracker system: minimap_synced
[08Jan2026 03:12:33.463] [Render thread/INFO] [xaero.map.WorldMap/]: No Optifine!
[08Jan2026 03:12:33.463] [Render thread/INFO] [xaero.map.WorldMap/]: Xaero's World Map: No Vivecraft!
[08Jan2026 03:12:33.463] [Render thread/INFO] [xaero.map.WorldMap/]: Xaero's World Map: Iris found!
[08Jan2026 03:12:33.486] [Render thread/INFO] [xaero.minimap.XaeroMinimap/]: Loading Xaero's Minimap - Stage 2/2
[08Jan2026 03:12:34.192] [Render thread/INFO] [xaero.hud.minimap.MinimapLogs/]: Registered player tracker system: minimap_synced
[08Jan2026 03:12:34.192] [Render thread/INFO] [xaero.hud.minimap.MinimapLogs/]: Xaero's Minimap: World Map found!
[08Jan2026 03:12:34.193] [Render thread/INFO] [xaero.hud.minimap.MinimapLogs/]: No Optifine!
[08Jan2026 03:12:34.193] [Render thread/INFO] [xaero.hud.minimap.MinimapLogs/]: Xaero's Minimap: No Vivecraft!
[08Jan2026 03:12:34.193] [Render thread/INFO] [xaero.hud.minimap.MinimapLogs/]: Xaero's Minimap: Iris found!
[08Jan2026 03:12:34.194] [Render thread/INFO] [xaero.lib.XaeroLib/]: Loading XaeroLib common 2/2!
[08Jan2026 03:12:34.194] [Render thread/INFO] [xaero.lib.XaeroLib/]: Loading XaeroLib client 2/2!
[08Jan2026 03:12:34.349] [Render thread/WARN] [net.minecraft.client.sounds.SoundEngine/]: Missing sound for event: minecraft:item.goat_horn.play
[08Jan2026 03:12:34.350] [Render thread/WARN] [net.minecraft.client.sounds.SoundEngine/]: Missing sound for event: minecraft:entity.goat.screaming.horn_break
[08Jan2026 03:12:34.402] [Render thread/INFO] [com.mojang.blaze3d.audio.Library/]: OpenAL initialized on device OpenAL Soft on Speakers (High Definition Audio Device)
[08Jan2026 03:12:34.403] [Render thread/INFO] [net.minecraft.client.sounds.SoundEngine/SOUNDS]: Sound engine started
[08Jan2026 03:12:34.479] [Render thread/INFO] [net.minecraft.client.renderer.texture.TextureAtlas/]: Created: 1024x1024x4 minecraft:textures/atlas/blocks.png-atlas
[08Jan2026 03:12:34.494] [Render thread/INFO] [net.minecraft.client.renderer.texture.TextureAtlas/]: Created: 256x256x4 minecraft:textures/atlas/signs.png-atlas
[08Jan2026 03:12:34.494] [Render thread/INFO] [net.minecraft.client.renderer.texture.TextureAtlas/]: Created: 512x512x4 minecraft:textures/atlas/shield_patterns.png-atlas
[08Jan2026 03:12:34.495] [Render thread/INFO] [net.minecraft.client.renderer.texture.TextureAtlas/]: Created: 512x512x4 minecraft:textures/atlas/banner_patterns.png-atlas
[08Jan2026 03:12:34.495] [Render thread/INFO] [net.minecraft.client.renderer.texture.TextureAtlas/]: Created: 2048x1024x4 minecraft:textures/atlas/armor_trims.png-atlas
[08Jan2026 03:12:34.498] [Render thread/INFO] [net.minecraft.client.renderer.texture.TextureAtlas/]: Created: 256x256x4 minecraft:textures/atlas/chest.png-atlas
[08Jan2026 03:12:34.499] [Render thread/INFO] [net.minecraft.client.renderer.texture.TextureAtlas/]: Created: 128x128x4 minecraft:textures/atlas/decorated_pot.png-atlas
[08Jan2026 03:12:34.499] [Render thread/INFO] [net.minecraft.client.renderer.texture.TextureAtlas/]: Created: 512x256x4 minecraft:textures/atlas/shulker_boxes.png-atlas
[08Jan2026 03:12:34.499] [Render thread/INFO] [net.minecraft.client.renderer.texture.TextureAtlas/]: Created: 512x256x4 minecraft:textures/atlas/beds.png-atlas
[08Jan2026 03:12:34.575] [Render thread/WARN] [com.github.alexmodguy.alexscaves.AlexsCaves/]: Could not apply radiation glow layer to alexscaves:ferrouslime, has custom renderer that is not LivingEntityRenderer.
[08Jan2026 03:12:34.575] [Render thread/INFO] [net.minecraft.client.renderer.texture.TextureAtlas/]: Created: 2048x1024x0 minecraft:textures/atlas/particles.png-atlas
[08Jan2026 03:12:34.589] [Render thread/INFO] [net.minecraft.client.renderer.texture.TextureAtlas/]: Created: 512x256x0 minecraft:textures/atlas/paintings.png-atlas
[08Jan2026 03:12:34.589] [Render thread/INFO] [net.minecraft.client.renderer.texture.TextureAtlas/]: Created: 256x128x0 minecraft:textures/atlas/mob_effects.png-atlas
[08Jan2026 03:12:34.589] [Render thread/INFO] [net.minecraft.client.renderer.texture.TextureAtlas/]: Created: 64x64x0 minecraft:textures/atlas/map_decorations.png-atlas
[08Jan2026 03:12:34.590] [Render thread/INFO] [net.minecraft.client.renderer.texture.TextureAtlas/]: Created: 1024x512x0 minecraft:textures/atlas/gui.png-atlas
[08Jan2026 03:12:34.613] [Render thread/WARN] [net.minecraft.client.renderer.ShaderInstance/]: Shader rendertype_entity_translucent_emissive could not find sampler named Sampler2 in the specified shader program.
[08Jan2026 03:12:34.656] [Render thread/INFO] [com.github.alexmodguy.alexscaves.AlexsCaves/]: registered internal shaders
[08Jan2026 03:12:34.667] [Render thread/INFO] [xaero.lib.XaeroLib/]: Successfully reloaded the XaeroLib shaders!
[08Jan2026 03:12:34.671] [Render thread/INFO] [net.neoforged.neoforge.client.entity.animation.json.AnimationLoader/]: Loaded 0 entity animations
[08Jan2026 03:12:34.689] [Render thread/INFO] [Iris/]: Creating pipeline for dimension minecraft:overworld
[08Jan2026 03:12:41.307] [Render thread/INFO] [net.minecraft.world.item.crafting.RecipeManager/]: Loaded 1757 recipes
[08Jan2026 03:12:41.442] [Render thread/INFO] [net.minecraft.advancements.AdvancementTree/]: Loaded 1545 advancements
[08Jan2026 03:12:42.010] [Render thread/INFO] [EMI/]: [EMI] Recipes synchronized, waiting for tags to reload EMI...
[08Jan2026 03:12:42.029] [Render thread/INFO] [com.github.alexmodguy.alexscaves.AlexsCaves/]: [AC] WorldGenOptionsMixin: Captured world seed 4259244680842746328 from WorldOptions.seed()
[08Jan2026 03:12:42.081] [Server thread/INFO] [net.minecraft.client.server.IntegratedServer/]: Starting integrated minecraft server version 1.21.1
[08Jan2026 03:12:42.081] [Server thread/INFO] [net.minecraft.server.MinecraftServer/]: Generating keypair
[08Jan2026 03:12:42.161] [Server thread/INFO] [citadel/]: [Citadel] SurfaceRuleInitializer: Starting initialization...
[08Jan2026 03:12:42.162] [Server thread/INFO] [citadel/]: [Citadel] OVERWORLD rules registered: true
[08Jan2026 03:12:42.162] [Server thread/INFO] [citadel/]: [Citadel] Processing dimension: minecraft:overworld
[08Jan2026 03:12:42.162] [Server thread/INFO] [citadel/]: Initialized Citadel surface rules for dimension: minecraft:overworld (category: OVERWORLD)
[08Jan2026 03:12:42.162] [Server thread/INFO] [citadel/]: [Citadel] Processing dimension: minecraft:the_nether
[08Jan2026 03:12:42.162] [Server thread/INFO] [citadel/]: [Citadel] Processing dimension: minecraft:the_end
[08Jan2026 03:12:42.162] [Server thread/INFO] [citadel/]: [Citadel] SurfaceRuleInitializer: Initialization complete.
[08Jan2026 03:12:42.306] [Worker-Main-10/INFO] [com.github.alexmodguy.alexscaves.AlexsCaves/]: Biome injection active: seed=4259244680842746328, biomes=6, holders=70
[08Jan2026 03:12:43.241] [Server thread/INFO] [net.minecraft.server.MinecraftServer/]: Preparing start region for dimension minecraft:overworld
[08Jan2026 03:12:43.445] [Render thread/INFO] [net.minecraft.server.level.progress.LoggerChunkProgressListener/]: Preparing spawn area: 0%
[08Jan2026 03:12:43.517] [Render thread/INFO] [net.minecraft.server.level.progress.LoggerChunkProgressListener/]: Time elapsed: 264 ms
[08Jan2026 03:12:43.517] [Server thread/INFO] [net.neoforged.neoforge.server.permission.PermissionAPI/]: Successfully initialized permission handler neoforge:default_handler
[08Jan2026 03:12:43.586] [Server thread/INFO] [net.minecraft.client.server.IntegratedServer/]: Changing view distance to 12, from 10
[08Jan2026 03:12:43.586] [Server thread/INFO] [net.minecraft.client.server.IntegratedServer/]: Changing simulation distance to 12, from 0
[08Jan2026 03:12:43.588] [Server thread/INFO] [com.github.alexmodguy.alexscaves.AlexsCaves/]: [AC DEBUG] ServerChunkCacheMixin: Set seed 4259244680842746328 and dimension minecraft:overworld on biome source MultiNoiseBiomeSource
[08Jan2026 03:12:43.970] [Render thread/INFO] [EMI/]: [EMI] Recipes synchronized, waiting for tags to reload EMI...
[08Jan2026 03:12:44.142] [Server thread/INFO] [net.minecraft.server.players.PlayerList/]: _Raguto_[local:E:87b00f85] logged in with entity id 14 at (6901.154478210361, -31.619334857152232, 9874.392014596539)
[08Jan2026 03:12:44.212] [Server thread/INFO] [net.minecraft.server.MinecraftServer/]: _Raguto_ joined the game
[08Jan2026 03:12:44.235] [Render thread/INFO] [xaero.hud.minimap.MinimapLogs/]: Minimap required item set to nothing.
[08Jan2026 03:12:44.236] [Render thread/INFO] [xaero.hud.minimap.MinimapLogs/]: New Xaero hud session initialized!
[08Jan2026 03:12:44.276] [Render thread/INFO] [xaero.map.WorldMap/]: Fullscreen map required item set to nothing.
[08Jan2026 03:12:44.289] [Render thread/INFO] [xaero.map.WorldMap/]: New world map session initialized!
[08Jan2026 03:12:44.327] [Render thread/INFO] [Iris/]: Reloading pipeline on dimension change: minecraft:overworld => minecraft:overworld
[08Jan2026 03:12:44.328] [Render thread/INFO] [Iris/]: Destroying pipeline minecraft:overworld
[08Jan2026 03:12:44.328] [Render thread/INFO] [Iris/]: Creating pipeline for dimension minecraft:overworld
[08Jan2026 03:12:44.465] [Render thread/INFO] [ChunkBuilder/]: Started 6 worker threads
[08Jan2026 03:12:44.592] [Render thread/INFO] [EMI/]: [EMI] Tags synchronized, reloading EMI
[08Jan2026 03:12:44.593] [Render thread/INFO] [EMI/]: [EMI] Starting Reload
[08Jan2026 03:12:44.595] [Thread-16/INFO] [EMI/]: [EMI] Starting EMI reload...
[08Jan2026 03:12:44.595] [Thread-16/INFO] [EMI/]: [EMI] Clearing data
[08Jan2026 03:12:44.614] [Render thread/INFO] [xaero.hud.minimap.MinimapLogs/]: Minimap updated server level id: -1182423278 for world ResourceKey[minecraft:dimension / minecraft:overworld]
[08Jan2026 03:12:44.616] [Render thread/INFO] [net.minecraft.advancements.AdvancementTree/]: Loaded 39 advancements
[08Jan2026 03:12:44.634] [Thread-16/INFO] [EMI/]: [EMI] Initializing plugin from emi
[08Jan2026 03:12:44.644] [Thread-16/INFO] [EMI/]: [EMI] Initialized plugin from emi in 7ms
[08Jan2026 03:12:44.646] [Thread-16/INFO] [EMI/]: [EMI] Processing tags
[08Jan2026 03:12:44.670] [Thread-16/INFO] [EMI/]: [EMI] Constructing index
[08Jan2026 03:12:44.676] [Thread-16/INFO] [EMI/]: [EMI] Reloading item groups on client thread...
[08Jan2026 03:12:44.932] [Render thread/INFO] [xaero.hud.minimap.MinimapLogs/]: Reloading radar icon resources...
[08Jan2026 03:12:44.958] [Render thread/INFO] [xaero.hud.minimap.MinimapLogs/]: Reloaded radar icon resources!
[08Jan2026 03:12:45.113] [Thread-16/INFO] [EMI/]: [EMI] Reloading item groups on client thread took 437ms
[08Jan2026 03:12:45.127] [Thread-16/INFO] [EMI/]: [EMI] Loading plugin from emi
[08Jan2026 03:12:45.382] [Thread-16/INFO] [EMI/]: [EMI] Reloaded plugin from emi in 254ms
[08Jan2026 03:12:45.382] [Thread-16/INFO] [EMI/]: [EMI] Baking index
[08Jan2026 03:12:45.409] [Thread-16/INFO] [EMI/]: [EMI] Registering late recipes
[08Jan2026 03:12:45.410] [Thread-16/INFO] [EMI/]: [EMI] Baking recipes
[08Jan2026 03:12:45.523] [Thread-16/INFO] [EMI/]: [EMI] Baked 4313 recipes in 111ms
[08Jan2026 03:12:45.535] [Thread-16/INFO] [EMI/]: [EMI] Baking search
[08Jan2026 03:12:45.580] [Thread-17/INFO] [EMI/]: [EMI] Baked recipes after reload in 58ms
[08Jan2026 03:12:45.799] [Thread-16/INFO] [EMI/]: [EMI] Finishing up
[08Jan2026 03:12:45.818] [Thread-16/INFO] [EMI/]: [EMI] Reloaded EMI in 1222ms
[08Jan2026 03:12:48.207] [Worker-Main-6/INFO] [com.github.alexmodguy.alexscaves.AlexsCaves/]: [AC] Feature generation mixin active - will place features for AC biomes
[08Jan2026 03:12:48.208] [Worker-Main-6/INFO] [com.github.alexmodguy.alexscaves.AlexsCaves/]: [AC] Found AC biome alexscaves:magnetic_caves at chunk [444, 610] y=-64
[08Jan2026 03:12:48.208] [Worker-Main-6/INFO] [com.github.alexmodguy.alexscaves.AlexsCaves/]: [AC] Biome has 11 generation steps, 17 AC features total
[08Jan2026 03:12:48.243] [Worker-Main-6/INFO] [com.github.alexmodguy.alexscaves.AlexsCaves/]: [AC] Placed 13 AC features in chunk [444, 610]
[08Jan2026 03:12:49.191] [Server thread/INFO] [net.minecraft.client.server.IntegratedServer/]: Saving and pausing game...
[08Jan2026 03:12:49.209] [Server thread/INFO] [net.minecraft.server.MinecraftServer/]: Saving chunks for level 'ServerLevel[New World]'/minecraft:overworld
[08Jan2026 03:12:49.219] [Render thread/INFO] [EMI/]: [EMI] Disconnecting from server, EMI data cleared
[08Jan2026 03:12:49.220] [Render thread/INFO] [xaero.hud.minimap.MinimapLogs/]: Xaero hud session finalized.
[08Jan2026 03:12:49.220] [Render thread/INFO] [xaero.map.WorldMap/]: Finalizing world map session...
[08Jan2026 03:12:49.220] [Thread-20/INFO] [EMI/]: [EMI] Clearing data
[08Jan2026 03:12:49.298] [Server thread/INFO] [net.minecraft.server.MinecraftServer/]: Saving chunks for level 'ServerLevel[New World]'/minecraft:the_nether
[08Jan2026 03:12:49.298] [Server thread/INFO] [net.minecraft.server.MinecraftServer/]: Saving chunks for level 'ServerLevel[New World]'/minecraft:the_end
[08Jan2026 03:12:49.664] [Thread-6/INFO] [xaero.map.WorldMap/]: World map cleaned normally!
[08Jan2026 03:12:49.717] [Render thread/INFO] [xaero.map.WorldMap/]: World map session finalized.
[08Jan2026 03:12:49.753] [Server thread/INFO] [net.minecraft.server.network.ServerGamePacketListenerImpl/]: _Raguto_ lost connection: Disconnected
[08Jan2026 03:12:49.754] [Server thread/INFO] [net.minecraft.server.MinecraftServer/]: _Raguto_ left the game
[08Jan2026 03:12:49.766] [Server thread/INFO] [net.minecraft.server.network.ServerCommonPacketListenerImpl/]: Stopping singleplayer server as player logged out
[08Jan2026 03:12:49.807] [Server thread/INFO] [net.minecraft.server.MinecraftServer/]: Stopping server
[08Jan2026 03:12:49.808] [Server thread/INFO] [net.minecraft.server.MinecraftServer/]: Saving players
[08Jan2026 03:12:49.808] [Server thread/INFO] [net.minecraft.server.MinecraftServer/]: Saving worlds
[08Jan2026 03:12:50.809] [Server thread/INFO] [net.minecraft.server.MinecraftServer/]: Saving chunks for level 'ServerLevel[New World]'/minecraft:overworld
[08Jan2026 03:12:50.848] [Server thread/INFO] [net.minecraft.server.MinecraftServer/]: Saving chunks for level 'ServerLevel[New World]'/minecraft:the_nether
[08Jan2026 03:12:50.850] [Server thread/INFO] [net.minecraft.server.MinecraftServer/]: Saving chunks for level 'ServerLevel[New World]'/minecraft:the_end
[08Jan2026 03:12:50.850] [Server thread/INFO] [com.github.alexmodguy.alexscaves.AlexsCaves/]: [AC] WorldGenOptionsMixin: Captured world seed 4259244680842746328 from WorldOptions.seed()
[08Jan2026 03:12:50.856] [Server thread/INFO] [net.minecraft.server.MinecraftServer/]: ThreadedAnvilChunkStorage (New World): All chunks are saved
[08Jan2026 03:12:50.857] [Server thread/INFO] [net.minecraft.server.MinecraftServer/]: ThreadedAnvilChunkStorage (DIM-1): All chunks are saved
[08Jan2026 03:12:50.857] [Server thread/INFO] [net.minecraft.server.MinecraftServer/]: ThreadedAnvilChunkStorage (DIM1): All chunks are saved
[08Jan2026 03:12:50.857] [Server thread/INFO] [net.minecraft.server.MinecraftServer/]: ThreadedAnvilChunkStorage: All dimensions are saved
[08Jan2026 03:12:50.885] [Render thread/INFO] [ChunkBuilder/]: Stopping worker threads
[08Jan2026 03:12:53.515] [Render thread/INFO] [net.minecraft.world.level.storage.LevelStorageSource/]: Deleting level New World
[08Jan2026 03:12:53.515] [Render thread/INFO] [net.minecraft.world.level.storage.LevelStorageSource/]: Attempt 1...
[08Jan2026 03:12:53.550] [Render thread/INFO] [xaero.hud.minimap.MinimapLogs/]: Deleted minimap world data at D:\instances\NeoForge 1.21.1\minecraft\xaero\minimap\New World
[08Jan2026 03:12:53.573] [Render thread/INFO] [xaero.map.WorldMap/]: Deleted world map cache at D:\instances\NeoForge 1.21.1\minecraft\xaero\world-map\New World
[08Jan2026 03:12:53.888] [Render thread/INFO] [net.minecraft.world.item.crafting.RecipeManager/]: Loaded 1757 recipes
[08Jan2026 03:12:53.936] [Render thread/INFO] [net.minecraft.advancements.AdvancementTree/]: Loaded 1545 advancements
[08Jan2026 03:12:54.473] [Render thread/INFO] [EMI/]: [EMI] Recipes synchronized, waiting for tags to reload EMI...
[08Jan2026 03:12:56.347] [Server thread/INFO] [net.minecraft.client.server.IntegratedServer/]: Starting integrated minecraft server version 1.21.1
[08Jan2026 03:12:56.347] [Server thread/INFO] [net.minecraft.server.MinecraftServer/]: Generating keypair
[08Jan2026 03:12:56.388] [Server thread/INFO] [citadel/]: [Citadel] SurfaceRuleInitializer: Starting initialization...
[08Jan2026 03:12:56.388] [Server thread/INFO] [citadel/]: [Citadel] OVERWORLD rules registered: true
[08Jan2026 03:12:56.388] [Server thread/INFO] [citadel/]: [Citadel] Processing dimension: minecraft:overworld
[08Jan2026 03:12:56.389] [Server thread/INFO] [citadel/]: Initialized Citadel surface rules for dimension: minecraft:overworld (category: OVERWORLD)
[08Jan2026 03:12:56.389] [Server thread/INFO] [citadel/]: [Citadel] Processing dimension: minecraft:the_nether
[08Jan2026 03:12:56.389] [Server thread/INFO] [citadel/]: [Citadel] Processing dimension: minecraft:the_end
[08Jan2026 03:12:56.389] [Server thread/INFO] [citadel/]: [Citadel] SurfaceRuleInitializer: Initialization complete.
[08Jan2026 03:12:58.852] [Server thread/INFO] [net.minecraft.server.MinecraftServer/]: Preparing start region for dimension minecraft:overworld
[08Jan2026 03:12:58.880] [Render thread/INFO] [net.minecraft.server.level.progress.LoggerChunkProgressListener/]: Preparing spawn area: 2%
[08Jan2026 03:12:59.373] [Render thread/INFO] [net.minecraft.server.level.progress.LoggerChunkProgressListener/]: Preparing spawn area: 2%
[08Jan2026 03:12:59.881] [Render thread/INFO] [net.minecraft.server.level.progress.LoggerChunkProgressListener/]: Preparing spawn area: 16%
[08Jan2026 03:13:00.366] [Render thread/INFO] [net.minecraft.server.level.progress.LoggerChunkProgressListener/]: Preparing spawn area: 18%
[08Jan2026 03:13:00.872] [Render thread/INFO] [net.minecraft.server.level.progress.LoggerChunkProgressListener/]: Preparing spawn area: 18%
[08Jan2026 03:13:01.374] [Render thread/INFO] [net.minecraft.server.level.progress.LoggerChunkProgressListener/]: Preparing spawn area: 51%
[08Jan2026 03:13:01.874] [Render thread/INFO] [net.minecraft.server.level.progress.LoggerChunkProgressListener/]: Preparing spawn area: 51%
[08Jan2026 03:13:02.316] [Server thread/INFO] [net.neoforged.neoforge.server.permission.PermissionAPI/]: Successfully initialized permission handler neoforge:default_handler
[08Jan2026 03:13:02.318] [Render thread/INFO] [net.minecraft.server.level.progress.LoggerChunkProgressListener/]: Time elapsed: 3456 ms
[08Jan2026 03:13:02.319] [Server thread/INFO] [net.minecraft.client.server.IntegratedServer/]: Changing view distance to 12, from 10
[08Jan2026 03:13:02.319] [Server thread/INFO] [net.minecraft.client.server.IntegratedServer/]: Changing simulation distance to 12, from 0
[08Jan2026 03:13:02.496] [Render thread/INFO] [EMI/]: [EMI] Recipes synchronized, waiting for tags to reload EMI...
[08Jan2026 03:13:02.505] [Server thread/INFO] [net.minecraft.server.players.PlayerList/]: _Raguto_[local:E:580e8cd0] logged in with entity id 308 at (-8.5, 121.0, 3.5)
[08Jan2026 03:13:02.513] [Server thread/INFO] [net.minecraft.server.MinecraftServer/]: _Raguto_ joined the game
[08Jan2026 03:13:02.522] [Render thread/INFO] [xaero.hud.minimap.MinimapLogs/]: Minimap required item set to nothing.
[08Jan2026 03:13:02.522] [Render thread/INFO] [xaero.hud.minimap.MinimapLogs/]: New Xaero hud session initialized!
[08Jan2026 03:13:02.523] [Render thread/INFO] [xaero.map.WorldMap/]: Fullscreen map required item set to nothing.
[08Jan2026 03:13:02.524] [Render thread/INFO] [xaero.map.WorldMap/]: New world map session initialized!
[08Jan2026 03:13:02.533] [Render thread/INFO] [Iris/]: Reloading pipeline on dimension change: minecraft:overworld => minecraft:overworld
[08Jan2026 03:13:02.533] [Render thread/INFO] [Iris/]: Destroying pipeline minecraft:overworld
[08Jan2026 03:13:02.533] [Render thread/INFO] [Iris/]: Creating pipeline for dimension minecraft:overworld
[08Jan2026 03:13:02.535] [Render thread/INFO] [ChunkBuilder/]: Started 6 worker threads
[08Jan2026 03:13:02.618] [Render thread/INFO] [EMI/]: [EMI] Tags synchronized, reloading EMI
[08Jan2026 03:13:02.618] [Render thread/INFO] [EMI/]: [EMI] Starting Reload
[08Jan2026 03:13:02.619] [Thread-26/INFO] [EMI/]: [EMI] Starting EMI reload...
[08Jan2026 03:13:02.619] [Thread-26/INFO] [EMI/]: [EMI] Clearing data
[08Jan2026 03:13:02.671] [Render thread/INFO] [xaero.hud.minimap.MinimapLogs/]: Minimap updated server level id: -1224193914 for world ResourceKey[minecraft:dimension / minecraft:overworld]
[08Jan2026 03:13:02.671] [Thread-26/INFO] [EMI/]: [EMI] Initializing plugin from emi
[08Jan2026 03:13:02.671] [Thread-26/INFO] [EMI/]: [EMI] Initialized plugin from emi in 0ms
[08Jan2026 03:13:02.671] [Thread-26/INFO] [EMI/]: [EMI] Processing tags
[08Jan2026 03:13:02.673] [Render thread/INFO] [net.minecraft.advancements.AdvancementTree/]: Loaded 6 advancements
[08Jan2026 03:13:02.680] [Thread-26/INFO] [EMI/]: [EMI] Constructing index
[08Jan2026 03:13:02.682] [Thread-26/INFO] [EMI/]: [EMI] Reloading item groups on client thread...
[08Jan2026 03:13:02.748] [Thread-26/INFO] [EMI/]: [EMI] Reloading item groups on client thread took 66ms
[08Jan2026 03:13:02.754] [Thread-26/INFO] [EMI/]: [EMI] Loading plugin from emi
[08Jan2026 03:13:02.901] [Thread-26/INFO] [EMI/]: [EMI] Reloaded plugin from emi in 147ms
[08Jan2026 03:13:02.901] [Thread-26/INFO] [EMI/]: [EMI] Baking index
[08Jan2026 03:13:02.912] [Thread-26/INFO] [EMI/]: [EMI] Registering late recipes
[08Jan2026 03:13:02.912] [Thread-26/INFO] [EMI/]: [EMI] Baking recipes
[08Jan2026 03:13:02.954] [Thread-26/INFO] [EMI/]: [EMI] Baked 4313 recipes in 42ms
[08Jan2026 03:13:02.959] [Thread-26/INFO] [EMI/]: [EMI] Baking search
[08Jan2026 03:13:02.989] [Thread-27/INFO] [EMI/]: [EMI] Baked recipes after reload in 34ms
[08Jan2026 03:13:03.077] [Thread-26/INFO] [EMI/]: [EMI] Finishing up
[08Jan2026 03:13:03.077] [Thread-26/INFO] [EMI/]: [EMI] Reloaded EMI in 458ms
[08Jan2026 03:13:06.611] [Render thread/WARN] [Sodium-VertexConsumerTracker/]: Class dev.emi.emi.screen.StackBatcher$UnlitFacade$Consumer does not support optimized vertex writing code paths, which may cause reduced rendering performance
[08Jan2026 03:13:12.717] [Server thread/INFO] [net.minecraft.server.MinecraftServer/]: _Raguto_ has made the advancement [The Journey Begins]
[08Jan2026 03:13:12.741] [Render thread/INFO] [net.minecraft.client.gui.components.ChatComponent/]: [System] [CHAT] _Raguto_ has made the advancement [The Journey Begins]
[08Jan2026 03:13:12.744] [Render thread/INFO] [net.minecraft.advancements.AdvancementTree/]: Loaded 25 advancements
[08Jan2026 03:13:17.027] [Server thread/INFO] [com.github.alexmodguy.alexscaves.AlexsCaves/]: Could not find alexscaves:magnetic_caves after 3s
[08Jan2026 03:13:17.033] [Render thread/INFO] [net.minecraft.client.gui.components.ChatComponent/]: [System] [CHAT] There seems to be a lack of this biome's presence within 16232 blocks. Try travelling far away.
[08Jan2026 03:13:18.572] [Server thread/INFO] [net.minecraft.client.server.IntegratedServer/]: Saving and pausing game...
[08Jan2026 03:13:18.577] [Server thread/INFO] [net.minecraft.server.MinecraftServer/]: Saving chunks for level 'ServerLevel[New World]'/minecraft:overworld
[08Jan2026 03:13:18.584] [Server thread/INFO] [net.minecraft.server.MinecraftServer/]: Saving chunks for level 'ServerLevel[New World]'/minecraft:the_nether
[08Jan2026 03:13:18.585] [Server thread/INFO] [net.minecraft.server.MinecraftServer/]: Saving chunks for level 'ServerLevel[New World]'/minecraft:the_end
[08Jan2026 03:13:19.193] [Render thread/INFO] [EMI/]: [EMI] Disconnecting from server, EMI data cleared
[08Jan2026 03:13:19.193] [Render thread/INFO] [xaero.hud.minimap.MinimapLogs/]: Xaero hud session finalized.
[08Jan2026 03:13:19.193] [Render thread/INFO] [xaero.map.WorldMap/]: Finalizing world map session...
[08Jan2026 03:13:19.194] [Thread-30/INFO] [EMI/]: [EMI] Clearing data
[08Jan2026 03:13:19.240] [Thread-6/INFO] [xaero.map.WorldMap/]: World map cleaned normally!
[08Jan2026 03:13:19.295] [Render thread/INFO] [xaero.map.WorldMap/]: World map session finalized.
[08Jan2026 03:13:19.337] [Server thread/INFO] [net.minecraft.server.network.ServerGamePacketListenerImpl/]: _Raguto_ lost connection: Disconnected
[08Jan2026 03:13:19.337] [Server thread/INFO] [net.minecraft.server.MinecraftServer/]: _Raguto_ left the game
[08Jan2026 03:13:19.343] [Server thread/INFO] [net.minecraft.server.network.ServerCommonPacketListenerImpl/]: Stopping singleplayer server as player logged out
[08Jan2026 03:13:19.369] [Server thread/INFO] [net.minecraft.server.MinecraftServer/]: Stopping server
[08Jan2026 03:13:19.369] [Server thread/INFO] [net.minecraft.server.MinecraftServer/]: Saving players
[08Jan2026 03:13:19.369] [Server thread/INFO] [net.minecraft.server.MinecraftServer/]: Saving worlds
[08Jan2026 03:13:20.668] [Server thread/INFO] [net.minecraft.server.MinecraftServer/]: Saving chunks for level 'ServerLevel[New World]'/minecraft:overworld
[08Jan2026 03:13:20.699] [Server thread/INFO] [net.minecraft.server.MinecraftServer/]: Saving chunks for level 'ServerLevel[New World]'/minecraft:the_nether
[08Jan2026 03:13:20.701] [Server thread/INFO] [net.minecraft.server.MinecraftServer/]: Saving chunks for level 'ServerLevel[New World]'/minecraft:the_end
[08Jan2026 03:13:20.701] [Server thread/INFO] [com.github.alexmodguy.alexscaves.AlexsCaves/]: [AC] WorldGenOptionsMixin: Captured world seed -8706540564990739416 from WorldOptions.seed()
[08Jan2026 03:13:20.706] [Server thread/INFO] [net.minecraft.server.MinecraftServer/]: ThreadedAnvilChunkStorage (New World): All chunks are saved
[08Jan2026 03:13:20.706] [Server thread/INFO] [net.minecraft.server.MinecraftServer/]: ThreadedAnvilChunkStorage (DIM-1): All chunks are saved
[08Jan2026 03:13:20.706] [Server thread/INFO] [net.minecraft.server.MinecraftServer/]: ThreadedAnvilChunkStorage (DIM1): All chunks are saved
[08Jan2026 03:13:20.706] [Server thread/INFO] [net.minecraft.server.MinecraftServer/]: ThreadedAnvilChunkStorage: All dimensions are saved
[08Jan2026 03:13:20.726] [Render thread/INFO] [ChunkBuilder/]: Stopping worker threads
[08Jan2026 03:13:21.095] [Render thread/INFO] [net.minecraft.client.Minecraft/]: Stopping!
